mode: set
github.com/M-Abdullah-Nazeer/bookings/internal/render/render.go:25.84,33.2 5 1
github.com/M-Abdullah-Nazeer/bookings/internal/render/render.go:35.40,37.2 1 1
github.com/M-Abdullah-Nazeer/bookings/internal/render/render.go:38.105,42.18 2 1
github.com/M-Abdullah-Nazeer/bookings/internal/render/render.go:42.18,44.3 1 0
github.com/M-Abdullah-Nazeer/bookings/internal/render/render.go:44.8,46.3 1 1
github.com/M-Abdullah-Nazeer/bookings/internal/render/render.go:47.2,47.16 1 1
github.com/M-Abdullah-Nazeer/bookings/internal/render/render.go:47.16,50.3 2 0
github.com/M-Abdullah-Nazeer/bookings/internal/render/render.go:52.2,54.9 2 1
github.com/M-Abdullah-Nazeer/bookings/internal/render/render.go:54.9,57.3 2 0
github.com/M-Abdullah-Nazeer/bookings/internal/render/render.go:59.2,65.16 5 1
github.com/M-Abdullah-Nazeer/bookings/internal/render/render.go:65.16,68.3 2 0
github.com/M-Abdullah-Nazeer/bookings/internal/render/render.go:70.2,70.12 1 1
github.com/M-Abdullah-Nazeer/bookings/internal/render/render.go:73.67,78.16 3 1
github.com/M-Abdullah-Nazeer/bookings/internal/render/render.go:78.16,80.3 1 0
github.com/M-Abdullah-Nazeer/bookings/internal/render/render.go:81.2,81.29 1 1
github.com/M-Abdullah-Nazeer/bookings/internal/render/render.go:81.29,85.17 3 1
github.com/M-Abdullah-Nazeer/bookings/internal/render/render.go:85.17,87.4 1 0
github.com/M-Abdullah-Nazeer/bookings/internal/render/render.go:88.3,89.17 2 1
github.com/M-Abdullah-Nazeer/bookings/internal/render/render.go:89.17,91.4 1 0
github.com/M-Abdullah-Nazeer/bookings/internal/render/render.go:92.3,92.23 1 1
github.com/M-Abdullah-Nazeer/bookings/internal/render/render.go:92.23,94.18 2 1
github.com/M-Abdullah-Nazeer/bookings/internal/render/render.go:94.18,96.5 1 0
github.com/M-Abdullah-Nazeer/bookings/internal/render/render.go:98.3,98.21 1 1
github.com/M-Abdullah-Nazeer/bookings/internal/render/render.go:101.2,101.21 1 1
