mode: set
github.com/M-Abdullah-Nazeer/bookings/internal/handlers/handlers.go:28.62,33.2 1 0
github.com/M-Abdullah-Nazeer/bookings/internal/handlers/handlers.go:35.51,40.2 1 1
github.com/M-Abdullah-Nazeer/bookings/internal/handlers/handlers.go:42.33,44.2 1 1
github.com/M-Abdullah-Nazeer/bookings/internal/handlers/handlers.go:46.67,49.2 1 1
github.com/M-Abdullah-Nazeer/bookings/internal/handlers/handlers.go:51.70,54.2 1 1
github.com/M-Abdullah-Nazeer/bookings/internal/handlers/handlers.go:56.71,59.2 1 1
github.com/M-Abdullah-Nazeer/bookings/internal/handlers/handlers.go:61.69,64.2 1 1
github.com/M-Abdullah-Nazeer/bookings/internal/handlers/handlers.go:66.74,71.9 2 1
github.com/M-Abdullah-Nazeer/bookings/internal/handlers/handlers.go:71.9,76.3 3 1
github.com/M-Abdullah-Nazeer/bookings/internal/handlers/handlers.go:78.2,79.16 2 1
github.com/M-Abdullah-Nazeer/bookings/internal/handlers/handlers.go:79.16,83.3 3 1
github.com/M-Abdullah-Nazeer/bookings/internal/handlers/handlers.go:85.2,105.4 10 1
github.com/M-Abdullah-Nazeer/bookings/internal/handlers/handlers.go:109.78,113.16 2 1
github.com/M-Abdullah-Nazeer/bookings/internal/handlers/handlers.go:113.16,118.3 3 1
github.com/M-Abdullah-Nazeer/bookings/internal/handlers/handlers.go:120.2,121.9 2 1
github.com/M-Abdullah-Nazeer/bookings/internal/handlers/handlers.go:121.9,126.3 3 1
github.com/M-Abdullah-Nazeer/bookings/internal/handlers/handlers.go:128.2,140.19 9 1
github.com/M-Abdullah-Nazeer/bookings/internal/handlers/handlers.go:140.19,151.3 5 1
github.com/M-Abdullah-Nazeer/bookings/internal/handlers/handlers.go:153.2,154.16 2 1
github.com/M-Abdullah-Nazeer/bookings/internal/handlers/handlers.go:154.16,159.3 3 1
github.com/M-Abdullah-Nazeer/bookings/internal/handlers/handlers.go:162.2,173.16 4 1
github.com/M-Abdullah-Nazeer/bookings/internal/handlers/handlers.go:173.16,178.3 3 1
github.com/M-Abdullah-Nazeer/bookings/internal/handlers/handlers.go:180.2,182.66 2 1
github.com/M-Abdullah-Nazeer/bookings/internal/handlers/handlers.go:187.81,192.9 2 1
github.com/M-Abdullah-Nazeer/bookings/internal/handlers/handlers.go:192.9,196.3 2 1
github.com/M-Abdullah-Nazeer/bookings/internal/handlers/handlers.go:199.2,215.4 9 1
github.com/M-Abdullah-Nazeer/bookings/internal/handlers/handlers.go:218.68,229.2 5 1
github.com/M-Abdullah-Nazeer/bookings/internal/handlers/handlers.go:231.75,234.2 1 1
github.com/M-Abdullah-Nazeer/bookings/internal/handlers/handlers.go:237.79,239.16 2 1
github.com/M-Abdullah-Nazeer/bookings/internal/handlers/handlers.go:239.16,243.3 3 1
github.com/M-Abdullah-Nazeer/bookings/internal/handlers/handlers.go:245.2,251.16 5 1
github.com/M-Abdullah-Nazeer/bookings/internal/handlers/handlers.go:251.16,256.3 3 1
github.com/M-Abdullah-Nazeer/bookings/internal/handlers/handlers.go:257.2,258.16 2 1
github.com/M-Abdullah-Nazeer/bookings/internal/handlers/handlers.go:258.16,262.3 3 1
github.com/M-Abdullah-Nazeer/bookings/internal/handlers/handlers.go:264.2,266.16 2 1
github.com/M-Abdullah-Nazeer/bookings/internal/handlers/handlers.go:266.16,270.3 3 1
github.com/M-Abdullah-Nazeer/bookings/internal/handlers/handlers.go:272.2,272.21 1 1
github.com/M-Abdullah-Nazeer/bookings/internal/handlers/handlers.go:272.21,276.3 3 1
github.com/M-Abdullah-Nazeer/bookings/internal/handlers/handlers.go:278.2,290.4 5 0
github.com/M-Abdullah-Nazeer/bookings/internal/handlers/handlers.go:303.79,306.16 2 1
github.com/M-Abdullah-Nazeer/bookings/internal/handlers/handlers.go:306.16,319.3 5 1
github.com/M-Abdullah-Nazeer/bookings/internal/handlers/handlers.go:321.2,327.16 5 1
github.com/M-Abdullah-Nazeer/bookings/internal/handlers/handlers.go:327.16,331.3 3 1
github.com/M-Abdullah-Nazeer/bookings/internal/handlers/handlers.go:332.2,333.16 2 1
github.com/M-Abdullah-Nazeer/bookings/internal/handlers/handlers.go:333.16,337.3 3 1
github.com/M-Abdullah-Nazeer/bookings/internal/handlers/handlers.go:339.2,340.16 2 1
github.com/M-Abdullah-Nazeer/bookings/internal/handlers/handlers.go:340.16,344.3 3 1
github.com/M-Abdullah-Nazeer/bookings/internal/handlers/handlers.go:345.2,347.16 2 1
github.com/M-Abdullah-Nazeer/bookings/internal/handlers/handlers.go:347.16,362.3 5 1
github.com/M-Abdullah-Nazeer/bookings/internal/handlers/handlers.go:364.2,379.14 4 1
github.com/M-Abdullah-Nazeer/bookings/internal/handlers/handlers.go:384.73,389.16 3 1
github.com/M-Abdullah-Nazeer/bookings/internal/handlers/handlers.go:389.16,394.3 3 1
github.com/M-Abdullah-Nazeer/bookings/internal/handlers/handlers.go:396.2,398.9 2 1
github.com/M-Abdullah-Nazeer/bookings/internal/handlers/handlers.go:398.9,403.3 3 1
github.com/M-Abdullah-Nazeer/bookings/internal/handlers/handlers.go:405.2,409.63 3 1
github.com/M-Abdullah-Nazeer/bookings/internal/handlers/handlers.go:414.71,418.16 2 1
github.com/M-Abdullah-Nazeer/bookings/internal/handlers/handlers.go:418.16,423.3 3 1
github.com/M-Abdullah-Nazeer/bookings/internal/handlers/handlers.go:424.2,430.16 5 1
github.com/M-Abdullah-Nazeer/bookings/internal/handlers/handlers.go:430.16,434.3 3 1
github.com/M-Abdullah-Nazeer/bookings/internal/handlers/handlers.go:435.2,436.16 2 1
github.com/M-Abdullah-Nazeer/bookings/internal/handlers/handlers.go:436.16,440.3 3 1
github.com/M-Abdullah-Nazeer/bookings/internal/handlers/handlers.go:442.2,450.63 6 1
